0 (0,1) (0,1)
0.0204082 (0.0204067,0.999792) (0.0203662,0.998867)
0.0408163 (0.040805,0.999167) (0.0407324,0.997735)
0.0612245 (0.0611862,0.998126) (0.0610986,0.996602)
0.0816327 (0.081542,0.99667) (0.0814648,0.99547)
0.102041 (0.101864,0.994798) (0.101831,0.994337)
0.122449 (0.122143,0.992512) (0.122058,0.991954)
0.142857 (0.142372,0.989813) (0.142173,0.98857)
0.163265 (0.162541,0.986702) (0.162288,0.985186)
0.183673 (0.182642,0.983179) (0.182403,0.981802)
0.204082 (0.202668,0.979248) (0.202518,0.978418)
0.22449 (0.222609,0.974908) (0.222577,0.974789)
0.244898 (0.242457,0.970162) (0.242193,0.969195)
0.265306 (0.262205,0.965012) (0.261809,0.963602)
0.285714 (0.281843,0.959461) (0.281425,0.958008)
0.306122 (0.301364,0.953509) (0.30104,0.952415)
0.326531 (0.320759,0.947161) (0.320656,0.946821)
0.346939 (0.340021,0.940418) (0.339778,0.939801)
0.367347 (0.359141,0.933283) (0.358652,0.932067)
0.387755 (0.378111,0.92576) (0.377527,0.924333)
0.408163 (0.396924,0.917851) (0.396402,0.916599)
0.428571 (0.415572,0.90956) (0.415276,0.908865)
0.44898 (0.434046,0.90089) (0.433934,0.900677)
0.469388 (0.45234,0.891845) (0.451835,0.890897)
0.489796 (0.470446,0.882429) (0.469736,0.881118)
0.510204 (0.488355,0.872645) (0.487636,0.871339)
0.530612 (0.506061,0.862497) (0.505537,0.86156)
0.55102 (0.523557,0.851991) (0.523437,0.851781)
0.571429 (0.540834,0.841129) (0.540409,0.840505)
0.591837 (0.557886,0.829917) (0.557115,0.828801)
0.612245 (0.574706,0.81836) (0.573821,0.817097)
0.632653 (0.591286,0.806462) (0.590527,0.805393)
0.653061 (0.607621,0.794227) (0.607233,0.79369)
0.673469 (0.623702,0.781663) (0.623472,0.781393)
0.693878 (0.639523,0.768772) (0.638777,0.767909)
0.714286 (0.655078,0.755561) (0.654082,0.754425)
0.734694 (0.67036,0.742036) (0.669387,0.740941)
0.755102 (0.685363,0.728202) (0.684692,0.727457)
0.77551 (0.70008,0.714064) (0.699997,0.713973)
0.795918 (0.714506,0.699629) (0.71389,0.699054)
0.816327 (0.728635,0.684902) (0.727605,0.683956)
0.836735 (0.74246,0.669891) (0.741321,0.668859)
0.857143 (0.755975,0.6546) (0.755036,0.653761)
0.877551 (0.769176,0.639037) (0.768752,0.638663)
0.897959 (0.782057,0.623207) (0.781686,0.62293)
0.918367 (0.794611,0.607118) (0.793643,0.606405)
0.938776 (0.806835,0.590776) (0.8056,0.589879)
0.959184 (0.818723,0.574189) (0.817557,0.573354)
0.979592 (0.83027,0.557361) (0.829514,0.556828)
1 (0.841471,0.540302) (0.841471,0.540302)
